Flow report for quartusquake
Tue Jun  8 22:10:08 2021
Quartus Prime Version 18.1.0 Build 625 09/12/2018 SJ Lite Edition


---------------------
; Table of Contents ;
---------------------
  1. Legal Notice
  2. Flow Summary
  3. Flow Settings
  4. Flow Non-Default Global Settings
  5. Flow Elapsed Time
  6. Flow OS Summary
  7. Flow Log
  8. Flow Messages
  9. Flow Suppressed Messages



----------------
; Legal Notice ;
----------------
Copyright (C) 2018  Intel Corporation. All rights reserved.
Your use of Intel Corporation's design tools, logic functions 
and other software and tools, and its AMPP partner logic 
functions, and any output files from any of the foregoing 
(including device programming or simulation files), and any 
associated documentation or information are expressly subject 
to the terms and conditions of the Intel Program License 
Subscription Agreement, the Intel Quartus Prime License Agreement,
the Intel FPGA IP License Agreement, or other applicable license
agreement, including, without limitation, that your use is for
the sole purpose of programming logic devices manufactured by
Intel and sold by Intel or its authorized distributors.  Please
refer to the applicable agreement for further details.



+-------------------------------------------------------------------------------+
; Flow Summary                                                                  ;
+---------------------------------+---------------------------------------------+
; Flow Status                     ; Successful - Tue Jun  8 22:10:08 2021       ;
; Quartus Prime Version           ; 18.1.0 Build 625 09/12/2018 SJ Lite Edition ;
; Revision Name                   ; quartusquake                                ;
; Top-level Entity Name           ; DE1_SoC_TopLevelFile                        ;
; Family                          ; Cyclone V                                   ;
; Device                          ; 5CSEMA5F31C6                                ;
; Timing Models                   ; Final                                       ;
; Logic utilization (in ALMs)     ; 3,124 / 32,070 ( 10 % )                     ;
; Total registers                 ; 5290                                        ;
; Total pins                      ; 90 / 457 ( 20 % )                           ;
; Total virtual pins              ; 0                                           ;
; Total block memory bits         ; 2,120,832 / 4,065,280 ( 52 % )              ;
; Total DSP Blocks                ; 6 / 87 ( 7 % )                              ;
; Total HSSI RX PCSs              ; 0                                           ;
; Total HSSI PMA RX Deserializers ; 0                                           ;
; Total HSSI TX PCSs              ; 0                                           ;
; Total HSSI PMA TX Serializers   ; 0                                           ;
; Total PLLs                      ; 1 / 6 ( 17 % )                              ;
; Total DLLs                      ; 0 / 4 ( 0 % )                               ;
+---------------------------------+---------------------------------------------+


+-----------------------------------------+
; Flow Settings                           ;
+-------------------+---------------------+
; Option            ; Setting             ;
+-------------------+---------------------+
; Start date & time ; 06/08/2021 22:02:37 ;
; Main task         ; Compilation         ;
; Revision Name     ; quartusquake        ;
+-------------------+---------------------+


+--------------------------------------------------------------------------------------------------------------------------------------+
; Flow Non-Default Global Settings                                                                                                     ;
+-------------------------------------+----------------------------------------+---------------+----------------------+----------------+
; Assignment Name                     ; Value                                  ; Default Value ; Entity Name          ; Section Id     ;
+-------------------------------------+----------------------------------------+---------------+----------------------+----------------+
; COMPILER_SIGNATURE_ID               ; 8796755724197.162318255702925          ; --            ; --                   ; --             ;
; EDA_OUTPUT_DATA_FORMAT              ; Vhdl                                   ; --            ; --                   ; eda_simulation ;
; EDA_SIMULATION_TOOL                 ; ModelSim-Altera (VHDL)                 ; <None>        ; --                   ; --             ;
; EDA_TIME_SCALE                      ; 1 ps                                   ; --            ; --                   ; eda_simulation ;
; MAX_CORE_JUNCTION_TEMP              ; 85                                     ; --            ; --                   ; --             ;
; MIN_CORE_JUNCTION_TEMP              ; 0                                      ; --            ; --                   ; --             ;
; PARTITION_COLOR                     ; -- (Not supported for targeted family) ; --            ; DE1_SoC_TopLevelFile ; Top            ;
; PARTITION_FITTER_PRESERVATION_LEVEL ; -- (Not supported for targeted family) ; --            ; DE1_SoC_TopLevelFile ; Top            ;
; PARTITION_NETLIST_TYPE              ; -- (Not supported for targeted family) ; --            ; DE1_SoC_TopLevelFile ; Top            ;
; POWER_BOARD_THERMAL_MODEL           ; None (CONSERVATIVE)                    ; --            ; --                   ; --             ;
; POWER_PRESET_COOLING_SOLUTION       ; 23 MM HEAT SINK WITH 200 LFPM AIRFLOW  ; --            ; --                   ; --             ;
; PROJECT_OUTPUT_DIRECTORY            ; output_files                           ; --            ; --                   ; --             ;
; TOP_LEVEL_ENTITY                    ; DE1_SoC_TopLevelFile                   ; quartusquake  ; --                   ; --             ;
+-------------------------------------+----------------------------------------+---------------+----------------------+----------------+


+--------------------------------------------------------------------------------------------------------------------------+
; Flow Elapsed Time                                                                                                        ;
+----------------------+--------------+-------------------------+---------------------+------------------------------------+
; Module Name          ; Elapsed Time ; Average Processors Used ; Peak Virtual Memory ; Total CPU Time (on all processors) ;
+----------------------+--------------+-------------------------+---------------------+------------------------------------+
; Analysis & Synthesis ; 00:02:24     ; 1.1                     ; 1379 MB             ; 00:02:28                           ;
; Fitter               ; 00:03:20     ; 1.1                     ; 2684 MB             ; 00:04:43                           ;
; Assembler            ; 00:00:33     ; 1.0                     ; 1090 MB             ; 00:00:13                           ;
; Timing Analyzer      ; 00:00:53     ; 1.4                     ; 1489 MB             ; 00:00:49                           ;
; EDA Netlist Writer   ; 00:00:10     ; 1.0                     ; 1416 MB             ; 00:00:06                           ;
; Total                ; 00:07:20     ; --                      ; --                  ; 00:08:19                           ;
+----------------------+--------------+-------------------------+---------------------+------------------------------------+


+----------------------------------------------------------------------------------------+
; Flow OS Summary                                                                        ;
+----------------------+------------------+----------------+------------+----------------+
; Module Name          ; Machine Hostname ; OS Name        ; OS Version ; Processor type ;
+----------------------+------------------+----------------+------------+----------------+
; Analysis & Synthesis ; vm               ; Ubuntu 18.04.5 ; 18         ; x86_64         ;
; Fitter               ; vm               ; Ubuntu 18.04.5 ; 18         ; x86_64         ;
; Assembler            ; vm               ; Ubuntu 18.04.5 ; 18         ; x86_64         ;
; Timing Analyzer      ; vm               ; Ubuntu 18.04.5 ; 18         ; x86_64         ;
; EDA Netlist Writer   ; vm               ; Ubuntu 18.04.5 ; 18         ; x86_64         ;
+----------------------+------------------+----------------+------------+----------------+


------------
; Flow Log ;
------------
quartus_map --read_settings_files=on --write_settings_files=off quartusquake -c quartusquake
quartus_fit --read_settings_files=off --write_settings_files=off quartusquake -c quartusquake
quartus_asm --read_settings_files=off --write_settings_files=off quartusquake -c quartusquake
quartus_sta quartusquake -c quartusquake
quartus_eda --read_settings_files=off --write_settings_files=off quartusquake -c quartusquake



